
--------------------------------------------------
TXLib соболезнует...

Программа: C:\Users\2023\Downloads\Phone-test-main\Phone-test-main\bin\Debug\Тест по телефонам.exe, файл: c:\codeblocks\codeblocks\mingw\include\txlib.h, строка: 13722, функция: bool {anonymous}::TX::txBitBlt(HDC, double, double, double, double, HDC, double, double, unsigned int),

Сообщение: Параметр "sourceImage" неверен. Возможно, этот холст не создан, или уже уничтожен, или не загрузилась картинка.

#1: TXLib [Ver: 00173a, Rev: 173, Date: 2024-06-23 22:37:05 +0400], Instance: 0x005062FC (32-bit), Flags: CMdRe0, Thread: 0x22A4 (Main), GetLastError(): 13 (Недопустимые данные). 

--------------------------------------------------
Стек вызовов:



--------------------------------------------------
Стек вызовов TX:

# 0 in bool {anonymous}::TX::txBitBlt(HDC, double, double, double, double, HDC, double, double, unsigned int) at c:\codeblocks\codeblocks\mingw\include\txlib.h:13722:

  13720:     {
  13721: $1  if (_TX_HDC_FAILED (destImage))   return false;
=>13722: $   if (_TX_HDC_FAILED (sourceImage)) return false;
  13723: 
  13724: $   POINT size = txGetExtent (sourceImage);

# 1 in int main() at C:\Users\2023\Downloads\Phone-test-main\Phone-test-main\main.cpp:30:

     28:     txDrawText (380, 20, 990, 60, "Номер вопроса:1");
     29:     txDrawText (50, 75, 1320, 125, "Какой из ниже представленных телефонов является смартфоном Huawei Mate XS2");
=>   30:     txBitBlt (txDC(), 50, 155, 390, 505, Mate_Xs_2);
     31: 
     32: 

--------------------------------------------------
Developed with:

The Dumb Artist Library (TX Library)
TXLib [Ver: 00173a, Rev: 173, Date: 2024-06-23 22:37:05 +0400]
Copyright (C) Ded (Ilya Dedinsky, http://txlib.ru) <mail@txlib.ru>
See license on: http://txlib.ru

TXLib file:	c:\codeblocks\codeblocks\mingw\include\txlib.h
Compiled:	May 13 2025 09:19:37, GNU g++ 4.8.1, std=201103L, MinGW Runtime 3.20, 32-bit, DEBUG
Started:	May 13 2025 09:20:10

Run file:	C:\Users\2023\Downloads\Phone-test-main\Phone-test-main\bin\Debug\Тест по телефонам.exe
Directory:	C:\Users\2023\Downloads\Phone-test-main\Phone-test-main

--------------------------------------------------
